<?xml version="1.0" encoding="UTF-8"?>
<testsuite xmlns:xsi="http://www.w3.org/2001/XMLSchema-instance" xsi:noNamespaceSchemaLocation="https://maven.apache.org/surefire/maven-surefire-plugin/xsd/surefire-test-report-3.0.xsd" version="3.0" name="org.fpij.jitakyoei.model.dao.DaoImplTest" time="0.034" tests="9" errors="0" skipped="0" failures="0">
  <properties>
[...]
</properties>
  <testcase name="testGetAlunosWithUseEqualsAndEmpty" classname="org.fpij.jitakyoei.model.dao.DaoImplTest" time="0.002"/>
  <testcase name="testSearchAluno" classname="org.fpij.jitakyoei.model.dao.DaoImplTest" time="0.008">
    <system-out><![CDATA[DAOImpl.save() ->false
Nome: Aécio
RegistroCbj: null
DataNasc: Tue Nov 22 11:42:38 BRT 2022
E-mail: null
CPF: 036.464.453-27
]]></system-out>
  </testcase>
  <testcase name="testSalvarAlunoComAssociassoes" classname="org.fpij.jitakyoei.model.dao.DaoImplTest" time="0.001">
    <system-out><![CDATA[DAOImpl.save() ->false
Nome: Aécio
RegistroCbj: null
DataNasc: Tue Nov 22 11:42:38 BRT 2022
E-mail: null
CPF: 036.464.453-27
]]></system-out>
  </testcase>
  <testcase name="updateAluno" classname="org.fpij.jitakyoei.model.dao.DaoImplTest" time="0.002">
    <system-out><![CDATA[DAOImpl.save() ->false
Nome: Aécio
RegistroCbj: null
DataNasc: Tue Nov 22 11:42:38 BRT 2022
E-mail: null
CPF: 036.464.453-27
DAOImpl.save() ->false
Nome: TesteUpdate
RegistroCbj: null
DataNasc: Tue Nov 22 11:42:38 BRT 2022
E-mail: null
CPF: 036.464.453-27
]]></system-out>
  </testcase>
  <testcase name="testListarEAdicionarAlunos" classname="org.fpij.jitakyoei.model.dao.DaoImplTest" time="0.013">
    <system-out><![CDATA[DAOImpl.save() ->false
Nome: Aécio
RegistroCbj: null
DataNasc: Tue Nov 22 11:42:39 BRT 2022
E-mail: null
CPF: 036.464.453-27
DAOImpl.save() ->false
Nome: Aécio
RegistroCbj: null
DataNasc: Tue Nov 22 11:42:39 BRT 2022
E-mail: null
CPF: 036.464.453-27
DAOImpl.save() ->false
Nome: Aécio
RegistroCbj: null
DataNasc: Tue Nov 22 11:42:39 BRT 2022
E-mail: null
CPF: 036.464.453-27
DAOImpl.save() ->false
Nome: Aécio
RegistroCbj: null
DataNasc: Tue Nov 22 11:42:39 BRT 2022
E-mail: null
CPF: 036.464.453-27
DAOImpl.save() ->false
Nome: Aécio
RegistroCbj: null
DataNasc: Tue Nov 22 11:42:39 BRT 2022
E-mail: null
CPF: 036.464.453-27
]]></system-out>
  </testcase>
  <testcase name="testSalvarAlunoComErroValidacao" classname="org.fpij.jitakyoei.model.dao.DaoImplTest" time="0.002">
    <system-out><![CDATA[DAOImpl.save() ->false
Nome: TesteUpdate
RegistroCbj: null
DataNasc: Tue Nov 22 11:42:38 BRT 2022
E-mail: null
CPF: 036.464.453-27
]]></system-out>
  </testcase>
  <testcase name="testgetAlunosWithUseEquals" classname="org.fpij.jitakyoei.model.dao.DaoImplTest" time="0.001">
    <system-out><![CDATA[DAOImpl.save() ->false
Nome: TesteUpdate
RegistroCbj: null
DataNasc: Tue Nov 22 11:42:38 BRT 2022
E-mail: null
CPF: 036.464.453-27
]]></system-out>
  </testcase>
  <testcase name="checkConstructorWithUseEquals" classname="org.fpij.jitakyoei.model.dao.DaoImplTest" time="0.001"/>
  <testcase name="checkConstructorWithUseEqualsAndValidatorCustom" classname="org.fpij.jitakyoei.model.dao.DaoImplTest" time="0"/>
</testsuite>